C:\USERS\USER\DESKTOP\FOR_METEOROIDS\MASSCENTR\MASSCENTR\DEBUG\ARGUMENTSCONTROLLER.OBJ
C:\USERS\USER\DESKTOP\FOR_METEOROIDS\MASSCENTR\MASSCENTR\DEBUG\FUNCTION.OBJ
C:\USERS\USER\DESKTOP\FOR_METEOROIDS\MASSCENTR\MASSCENTR\DEBUG\MAIN.OBJ
C:\USERS\USER\DESKTOP\FOR_METEOROIDS\MASSCENTR\MASSCENTR\DEBUG\VC110.PDB
C:\USERS\USER\DESKTOP\FOR_METEOROIDS\MASSCENTR\DEBUG\MASSCENTR.ILK
C:\USERS\USER\DESKTOP\FOR_METEOROIDS\MASSCENTR\DEBUG\MASSCENTR.EXE
C:\USERS\USER\DESKTOP\FOR_METEOROIDS\MASSCENTR\DEBUG\MASSCENTR.PDB
C:\Users\user\Desktop\for_meteoroids\massCentr\massCentr\Debug\ArgumentsController.obj
C:\Users\user\Desktop\for_meteoroids\massCentr\massCentr\Debug\function.obj
C:\Users\user\Desktop\for_meteoroids\massCentr\massCentr\Debug\main.obj
C:\Users\user\Desktop\for_meteoroids\massCentr\massCentr\Debug\cl.command.1.tlog
C:\Users\user\Desktop\for_meteoroids\massCentr\massCentr\Debug\CL.read.1.tlog
C:\Users\user\Desktop\for_meteoroids\massCentr\massCentr\Debug\CL.write.1.tlog
C:\Users\user\Desktop\for_meteoroids\massCentr\massCentr\Debug\link-cvtres.read.1.tlog
C:\Users\user\Desktop\for_meteoroids\massCentr\massCentr\Debug\link-cvtres.write.1.tlog
C:\Users\user\Desktop\for_meteoroids\massCentr\massCentr\Debug\link-rc.read.1.tlog
C:\Users\user\Desktop\for_meteoroids\massCentr\massCentr\Debug\link-rc.write.1.tlog
C:\Users\user\Desktop\for_meteoroids\massCentr\massCentr\Debug\link.command.1.tlog
C:\Users\user\Desktop\for_meteoroids\massCentr\massCentr\Debug\link.read.1.tlog
C:\Users\user\Desktop\for_meteoroids\massCentr\massCentr\Debug\link.write.1.tlog
C:\Users\user\Desktop\for_meteoroids\massCentr\massCentr\Debug\vc110.idb
C:\Users\user\Desktop\for_meteoroids\massCentr\massCentr\Debug\vc110.pdb
C:\Users\user\Desktop\for_meteoroids\massCentr\Debug\massCentr.pdb
C:\Users\user\Desktop\for_meteoroids\massCentr\Debug\massCentr.exe
C:\Users\user\Desktop\for_meteoroids\massCentr\Debug\massCentr.ilk
